8 threads
al = 4.103942e+01 4.103942e+01 2.051971e+01
lc = 16 16 8
rc = 2.564964e+00 2.564964e+00 2.564964e+00
nglob = 27648
 0.050000  0.877153 -5.136868 -3.821139
 0.100000  0.460574 -4.510873 -3.820012
 0.150000  0.510741 -4.587143 -3.821032
 0.200000  0.528757 -4.613917 -3.820781
 0.250000  0.517290 -4.596724 -3.820790
 0.300000  0.531169 -4.617569 -3.820816
 0.350000  0.534741 -4.622912 -3.820802
 0.400000  0.537228 -4.626639 -3.820796
 0.450000  0.540141 -4.631015 -3.820803
 0.500000  0.537138 -4.626495 -3.820789
CPU & COMT = 5.110153e+00 1.332089e-02
4 threads
al = 4.103942e+01 4.103942e+01 2.051971e+01
lc = 16 16 8
rc = 2.564964e+00 2.564964e+00 2.564964e+00
nglob = 27648
 0.050000  0.877153 -5.136868 -3.821139
 0.100000  0.460574 -4.510873 -3.820012
 0.150000  0.510741 -4.587143 -3.821032
 0.200000  0.528757 -4.613917 -3.820781
 0.250000  0.517290 -4.596724 -3.820790
 0.300000  0.531169 -4.617569 -3.820816
 0.350000  0.534741 -4.622912 -3.820802
 0.400000  0.537228 -4.626639 -3.820796
 0.450000  0.540141 -4.631015 -3.820803
 0.500000  0.537138 -4.626495 -3.820789
CPU & COMT = 5.402318e+00 1.313064e-02
2 threads
al = 4.103942e+01 4.103942e+01 2.051971e+01
lc = 16 16 8
rc = 2.564964e+00 2.564964e+00 2.564964e+00
nglob = 27648
 0.050000  0.877153 -5.136868 -3.821139
 0.100000  0.460574 -4.510873 -3.820012
 0.150000  0.510741 -4.587143 -3.821032
 0.200000  0.528757 -4.613917 -3.820781
 0.250000  0.517290 -4.596724 -3.820790
 0.300000  0.531169 -4.617569 -3.820816
 0.350000  0.534741 -4.622912 -3.820802
 0.400000  0.537228 -4.626639 -3.820796
 0.450000  0.540141 -4.631015 -3.820803
 0.500000  0.537138 -4.626495 -3.820789
CPU & COMT = 6.994668e+00 1.408627e-02
1 thread
al = 4.103942e+01 4.103942e+01 2.051971e+01
lc = 16 16 8
rc = 2.564964e+00 2.564964e+00 2.564964e+00
nglob = 27648
 0.050000  0.877153 -5.136868 -3.821139
 0.100000  0.460574 -4.510873 -3.820012
 0.150000  0.510741 -4.587143 -3.821032
 0.200000  0.528757 -4.613917 -3.820781
 0.250000  0.517290 -4.596724 -3.820790
 0.300000  0.531169 -4.617569 -3.820816
 0.350000  0.534741 -4.622912 -3.820802
 0.400000  0.537228 -4.626639 -3.820796
 0.450000  0.540141 -4.631015 -3.820803
 0.500000  0.537138 -4.626495 -3.820789
CPU & COMT = 7.174286e+00 9.978427e-03
