----------------------------------------
Begin SLURM Prolog Wed 10 Oct 2018 09:12:09 PM PDT 
Job ID:        2019069
Username:      liangsiq
Accountname:   lc_an2
Name:          hmd.sl
Partition:     quick
Nodes:         hpc[1118-1119]
TasksPerNode:  1(x2)
CPUSPerTask:   4
TMPDIR:        /tmp/2019069.quick
SCRATCHDIR:    /staging/scratch/2019069
Cluster:       uschpc
HSDA Account:  false
End SLURM Prolog
----------------------------------------
al = 4.103942e+01 4.103942e+01 2.051971e+01
lc = 16 16 8
rc = 2.564964e+00 2.564964e+00 2.564964e+00
nglob = 55296
 0.050000  0.877345 -5.137153 -3.821136
 0.100000  0.462056 -4.513097 -3.820013
 0.150000  0.510836 -4.587287 -3.821033
 0.200000  0.527457 -4.611958 -3.820772
 0.250000  0.518668 -4.598798 -3.820796
 0.300000  0.529023 -4.614343 -3.820808
 0.350000  0.532890 -4.620133 -3.820798
 0.400000  0.536070 -4.624899 -3.820794
 0.450000  0.539725 -4.630387 -3.820799
 0.500000  0.538481 -4.628514 -3.820792
CPU & COMT = 7.283849e+00 5.137362e-01
