----------------------------------------
Begin SLURM Prolog Wed 10 Oct 2018 09:45:01 PM PDT 
Job ID:        2019099
Username:      liangsiq
Accountname:   lc_an2
Name:          hmd_batch.sl
Partition:     quick
Nodes:         hpc1118
TasksPerNode:  1
CPUSPerTask:   8
TMPDIR:        /tmp/2019099.quick
SCRATCHDIR:    /staging/scratch/2019099
Cluster:       uschpc
HSDA Account:  false
End SLURM Prolog
----------------------------------------
al = 4.103942e+01 4.103942e+01 2.051971e+01
lc = 16 16 8
rc = 2.564964e+00 2.564964e+00 2.564964e+00
nglob = 27648
 0.050000  0.877153 -5.136868 -3.821139
 0.100000  0.460574 -4.510873 -3.820012
 0.150000  0.510741 -4.587143 -3.821032
 0.200000  0.528757 -4.613917 -3.820781
 0.250000  0.517290 -4.596724 -3.820790
 0.300000  0.531169 -4.617569 -3.820816
 0.350000  0.534741 -4.622912 -3.820802
 0.400000  0.537228 -4.626639 -3.820796
 0.450000  0.540141 -4.631015 -3.820803
 0.500000  0.537138 -4.626495 -3.820789
CPU & COMT = 1.846639e+01 2.644730e-02
al = 4.103942e+01 4.103942e+01 2.051971e+01
lc = 16 16 8
rc = 2.564964e+00 2.564964e+00 2.564964e+00
nglob = 27648
 0.050000  0.877153 -5.136868 -3.821139
 0.100000  0.460574 -4.510873 -3.820012
 0.150000  0.510741 -4.587143 -3.821032
 0.200000  0.528757 -4.613917 -3.820781
 0.250000  0.517290 -4.596724 -3.820790
 0.300000  0.531169 -4.617569 -3.820816
 0.350000  0.534741 -4.622912 -3.820802
 0.400000  0.537228 -4.626639 -3.820796
 0.450000  0.540141 -4.631015 -3.820803
 0.500000  0.537138 -4.626495 -3.820789
CPU & COMT = 1.422450e+01 3.012967e-02
al = 4.103942e+01 4.103942e+01 2.051971e+01
lc = 16 16 8
rc = 2.564964e+00 2.564964e+00 2.564964e+00
nglob = 27648
 0.050000  0.877153 -5.136868 -3.821139
 0.100000  0.460574 -4.510873 -3.820012
 0.150000  0.510741 -4.587143 -3.821032
 0.200000  0.528757 -4.613917 -3.820781
 0.250000  0.517290 -4.596724 -3.820790
 0.300000  0.531169 -4.617569 -3.820816
 0.350000  0.534741 -4.622912 -3.820802
 0.400000  0.537228 -4.626639 -3.820796
 0.450000  0.540141 -4.631015 -3.820803
 0.500000  0.537138 -4.626495 -3.820789
CPU & COMT = 7.438687e+00 3.125882e-02
al = 4.103942e+01 4.103942e+01 2.051971e+01
lc = 16 16 8
rc = 2.564964e+00 2.564964e+00 2.564964e+00
nglob = 27648
 0.050000  0.877153 -5.136868 -3.821139
 0.100000  0.460574 -4.510873 -3.820012
 0.150000  0.510741 -4.587143 -3.821032
 0.200000  0.528757 -4.613917 -3.820781
 0.250000  0.517290 -4.596724 -3.820790
 0.300000  0.531169 -4.617569 -3.820816
 0.350000  0.534741 -4.622912 -3.820802
 0.400000  0.537228 -4.626639 -3.820796
 0.450000  0.540141 -4.631015 -3.820803
 0.500000  0.537138 -4.626495 -3.820789
CPU & COMT = 6.849241e+00 3.124523e-02
